


ARM Macro Assembler    Page 1 


    1 00000000                 GLOBAL           Reset_Handler
    2 00000000                 AREA             Reset, CODE, READONLY
    3 00000000         Reset_Handler
    4 00000000        A 
                       Rcnt    RN               10          ; assign r0 to Rcnt
                                                            
    5 00000000        4 
                       Ra      RN               4           ; A
    6 00000000        5 
                       Rb      RN               5           ; MOD B
    7 00000000        B 
                       Rc      RN               11          ; quotient
    8 00000000        C 
                       Rg      RN               12          ; mod result
    9 00000000         
   10 00000000        6 
                       RXx     RN               6           ; X'
   11 00000000        3 
                       RX      RN               3           ; X
   12 00000000        2 
                       Rt      RN               2           ; T
   13 00000000        1 
                       Rn      RN               1           ; N
   14 00000000        7 
                       RXX     RN               7           ; X result
   15 00000000        0 
                       Rq      RN               0           ; Q
   16 00000000        8 
                       Rr      RN               8           ; R
   17 00000000         
   18 00000000        9 
                       Rstep4  RN               9           ;temp for step4
   19 00000000         
   20 00000000         ENTRY
   21 00000000 E59F409C        LDR              Ra, =373
   22 00000004 E59F509C        LDR              Rb, =479
   23 00000008 E3A02011        LDR              Rt, =17
   24 0000000C E2444001        SUB              Ra, Ra, 1
   25 00000010 E2455001        SUB              Rb, Rb, 1
   26 00000014 E0010594        MUL              Rn, Ra, Rb
   27 00000018         
   28 00000018         STEP1
   29 00000018 E1A04001        MOV              Ra, Rn
   30 0000001C E1A05002        MOV              Rb, Rt
   31 00000020 E3A06000        LDR              RXx, =0
   32 00000024 E3A03001        LDR              RX,  =1
   33 00000028         
   34 00000028         STEP2
   35 00000028         
   36 00000028         MOD
   37 00000028         
   38 00000028 E3A0A001        MOV              Rcnt, #1    ; bit to control th
                                                            e division
   39 0000002C         
   40 0000002C E3550102 
                       Div1    CMP              Rb, #0x80000000 ; move Rb until
                                                             greater than Ra
   41 00000030 31550004        CMPCC            Rb, Ra
   42 00000034 31A05085        LSLCC            Rb, Rb, #1



ARM Macro Assembler    Page 2 


   43 00000038 31A0A08A        LSLCC            Rcnt, Rcnt, #1
   44 0000003C 3AFFFFFA        BCC              Div1
   45 00000040         ;  
   46 00000040 E3A0B000        MOV              Rc, #0
   47 00000044 E1540005 
                       Div2    CMP              Ra, Rb      ; test for possible
                                                             subtraction
   48 00000048 20444005        SUBCS            Ra, Ra, Rb  ; subtract if OK
   49 0000004C 208BB00A        ADDCS            Rc, Rc, Rcnt ; put relevant bit
                                                             into result
   50 00000050 E1B0A0AA        LSRS             Rcnt, Rcnt, #1 
                                                            ; shift control bit
                                                            
   51 00000054 11A050A5        LSRNE            Rb, Rb, #1  ; halve unless fini
                                                            shed
   52 00000058 1AFFFFF9        BNE              Div2        ; divide result in 
                                                            Rc remainder in Ra
   53 0000005C         
   54 0000005C E1A0C004 
                       MODdone MOV              Rg, Ra
   55 00000060 E1A0000B        MOV              Rq, Rc
   56 00000064 E1A0800C        MOV              Rr, Rg
   57 00000068         
   58 00000068         STEP3
   59 00000068 E3580000        CMP              Rr, #0
   60 0000006C 1A000002        BNE              STEP4
   61 00000070         
   62 00000070 E3530000        CMP              RX, #0
   63 00000074 BA000007        BLT              done1
   64 00000078         
   65 00000078 EA000007        B                done2
   66 0000007C         
   67 0000007C         STEP4
   68 0000007C         
   69 0000007C E1A04005        MOV              Ra,Rb
   70 00000080 E1A05008        MOV              Rb,Rr
   71 00000084 E1A09006        MOV              Rstep4 ,RXx ;temp X'
   72 00000088 E1A06003        MOV              RXx,RX
   73 0000008C E0070093        MUL              RXX,RX,Rq   ;QxX, borrow RXX
   74 00000090 E0493007        SUB              RX,Rstep4,RXX
   75 00000094         
   76 00000094 EAFFFFE3        B                STEP2
   77 00000098         
   78 00000098         done1
   79 00000098 E0833001        ADD              RX,RX,Rn
   80 0000009C         
   81 0000009C         done2
   82 0000009C E1A07003        MOV              RXX,RX
   83 000000A0         
   84 000000A0 EAFFFFFE 
                       donedone
                               B                donedone
   85 000000A4         
   86 000000A4                 END
              00000175 
              000001DF 
Command Line: --debug --xref --diag_suppress=9931 --apcs=interwork --depend=.\o
bjects\prog3_2.d -o.\objects\prog3_2.o -IC:\Keil_v5\ARM\RV31\INC -IC:\Keil_v5\A
RM\CMSIS\Include -IC:\Keil_v5\ARM\INC\Philips --predefine="__UVISION_VERSION SE



ARM Macro Assembler    Page 3 


TA 526" --list=.\listings\prog3_2.lst prog3_2.s



ARM Macro Assembler    Page 1 Alphabetic symbol ordering
Relocatable symbols

Div1 0000002C

Symbol: Div1
   Definitions
      At line 40 in file prog3_2.s
   Uses
      At line 44 in file prog3_2.s
Comment: Div1 used once
Div2 00000044

Symbol: Div2
   Definitions
      At line 47 in file prog3_2.s
   Uses
      At line 52 in file prog3_2.s
Comment: Div2 used once
ENTRY 00000000

Symbol: ENTRY
   Definitions
      At line 20 in file prog3_2.s
   Uses
      None
Comment: ENTRY unused
MOD 00000028

Symbol: MOD
   Definitions
      At line 36 in file prog3_2.s
   Uses
      None
Comment: MOD unused
MODdone 0000005C

Symbol: MODdone
   Definitions
      At line 54 in file prog3_2.s
   Uses
      None
Comment: MODdone unused
Reset 00000000

Symbol: Reset
   Definitions
      At line 2 in file prog3_2.s
   Uses
      None
Comment: Reset unused
Reset_Handler 00000000

Symbol: Reset_Handler
   Definitions
      At line 3 in file prog3_2.s
   Uses
      At line 1 in file prog3_2.s
Comment: Reset_Handler used once
STEP1 00000018

Symbol: STEP1



ARM Macro Assembler    Page 2 Alphabetic symbol ordering
Relocatable symbols

   Definitions
      At line 28 in file prog3_2.s
   Uses
      None
Comment: STEP1 unused
STEP2 00000028

Symbol: STEP2
   Definitions
      At line 34 in file prog3_2.s
   Uses
      At line 76 in file prog3_2.s
Comment: STEP2 used once
STEP3 00000068

Symbol: STEP3
   Definitions
      At line 58 in file prog3_2.s
   Uses
      None
Comment: STEP3 unused
STEP4 0000007C

Symbol: STEP4
   Definitions
      At line 67 in file prog3_2.s
   Uses
      At line 60 in file prog3_2.s
Comment: STEP4 used once
done1 00000098

Symbol: done1
   Definitions
      At line 78 in file prog3_2.s
   Uses
      At line 63 in file prog3_2.s
Comment: done1 used once
done2 0000009C

Symbol: done2
   Definitions
      At line 81 in file prog3_2.s
   Uses
      At line 65 in file prog3_2.s
Comment: done2 used once
donedone 000000A0

Symbol: donedone
   Definitions
      At line 84 in file prog3_2.s
   Uses
      At line 84 in file prog3_2.s
Comment: donedone used once
14 symbols
360 symbols in table
